# command-line-arguments
./TokenGenerate.go:18:14: undefined: config
./TokenGenerate.go:58:13: undefined: err3
./TokenGenerate.go:60:1: undefined: ldmHeader
./TokenGenerate.go:62:13: undefined: ldmHeader
# command-line-arguments
./TokenGenerate.go:18:14: undefined: config
signal: killed
&{200  200 HTTP/1.1 1 1 map[Cache-Control:[no-cache, no-store] Content-Security-Policy:[default-src 'self' https://cdn.walkme.com https://playerserver.walkme.com https://ec.walkme.com https://rapi.walkme.com https://papi.walkme.com; img-src 'self' https://www.youtube.com/ https://i.ytimg.com/ https://s3.walkmeusercontent.com/ data: ;font-src 'self' https://cdn.walkme.com https://playerserver.walkme.com https://ec.walkme.com https://rapi.walkme.com https://papi.walkme.com data: ; script-src 'self' 'unsafe-eval' ; style-src 'unsafe-inline' 'self'; frame-ancestors 'self'; frame-src 'self' https://www.youtube.com/ ; object-src 'none';] Content-Type:[text/javascript] Date:[Mon, 08 Jan 2024 01:31:52 GMT] Expires:[0] Pragma:[no-cache] Server:[server] Set-Cookie:[appURL=ldmadmin; Path=/ldmadmin; HttpOnly; SameSite=Lax JSESSIONID=E7FA5F5D3360210AF91047BDC97FC143; Path=/ldmadmin; HttpOnly; SameSite=Lax isSAMLDomain=false; Path=/ldmadmin; HttpOnly; SameSite=Lax] X-Content-Type-Options:[nosniff nosniff] X-Frame-Options:[SAMEORIGIN SAMEORIGIN] X-Permitted-Cross-Domain-Policies:[none] X-Xss-Protection:[1; mode=block]] 0xc0001e00e0 -1 [chunked] false true map[] 0xc00016e000 <nil>}
$("link.favicon").attr("href", $.url('/web.shell.common/productBranding?fileName=favicon&fallbackInfo=com.informatica.tools.web.ldm.productBranding:/res/images/favicon.ico'));

		var pageView = new infaw.isp.SymphonyNextLoginPageView({
			logo: "/web.shell.common/productBranding?fileName=loginPageLogo",
			logo2: "",
			namespaces : [{"id":"Native","label":"Native"}],
			bgImages : [{"0":"/web.ldm.productBranding/images/image1.jpg"},{"1":"/web.ldm.productBranding/images/image2.jpg"},{"2":"/web.ldm.productBranding/images/image3.jpg"}],
			version : "Version 10.5.5",
			modeURL : "web.isp/login",
			year : "(c) Copyright Informatica LLC 1993, 2023.",
			copyrightAgreement : "This software and documentation are provided only under a separate license agreement containing restrictions on use and disclosure.",
			patentMessage: "This software is protected by patents as detailed at <a href='https://www.informatica.com/legal/patents.html' target='_blank'>https://www.informatica.com/legal/patents.html</a>",
			trademarkInfo: "A current list of Informatica trademarks is available on the web at <a href='https://www.informatica.com/trademarks.html' target='_blank'>https://www.informatica.com/trademarks.html</a>",
			privacyPolicyInfo: "See the Informatica privacy policy at <a href='https://www.informatica.com/privacy-policy.html' target='_blank'>https://www.informatica.com/privacy-policy.html</a>",
			errMsg: "",
			isSAMLDomain:"false",
			pageTitle: "Catalog Administrator",
			infaToken: "3lA7C575HC3eHnFgMA8CrrOUBs39hhJNqX62Lt3cC5g*"
		});
&{0xc0001de0c0 0xc000238000 <nil>}
http: read on closed response body
error while unmarshal invalid character '$' looking for beginning of value
error while unmarshal invalid character '$' looking for beginning of value
